#! /usr/share/iverilog-0.9.7/bin/vvp
:ivl_version "0.9.7 " "(v0_9_6)";
:vpi_time_precision - 12;
:vpi_module "system";
:vpi_module "v2005_math";
:vpi_module "va_math";
S_0x1b04b90 .scope module, "tb" "tb" 2 2;
 .timescale -9 -12;
v0x1b2ec60_0 .var "clk", 0 0;
v0x1b2ece0_0 .var "rst", 0 0;
S_0x1b062a0 .scope module, "uc" "Microcontroller" 2 5, 3 8, S_0x1b04b90;
 .timescale -9 -12;
P_0x1b088e8 .param/l "DECODE" 3 33, C4<10>;
P_0x1b08910 .param/l "EXECUTE" 3 34, C4<11>;
P_0x1b08938 .param/l "FETCH" 3 32, C4<01>;
P_0x1b08960 .param/l "InsNumber" 3 12, C4<1010>;
P_0x1b08988 .param/l "LOAD" 3 31, C4<00>;
L_0x1b30a60 .functor BUFZ 12, L_0x1b30970, C4<000000000000>, C4<000000000000>, C4<000000000000>;
v0x1b2d400_0 .net "ALU_E", 0 0, v0x1b2cab0_0; 1 drivers
v0x1b2d640_0 .net "ALU_Out", 7 0, L_0x1b2efb0; 1 drivers
v0x1b2d710_0 .net "ALU_mode", 3 0, v0x1b2cb80_0; 1 drivers
v0x1b2d7e0_0 .var "Acc", 7 0;
v0x1b2d860_0 .net "Acc_E", 0 0, v0x1b2cc30_0; 1 drivers
v0x1b2d8e0_0 .net "Adder_Out", 7 0, L_0x1b30840; 1 drivers
v0x1b2d9b0_0 .net "DMem_DO", 7 0, L_0x1b2f800; 1 drivers
v0x1b2da30_0 .net "DMem_E", 0 0, v0x1b2ccb0_0; 1 drivers
v0x1b2db50_0 .net "DMem_WE", 0 0, v0x1b2cd90_0; 1 drivers
v0x1b2dc20_0 .var "DR", 7 0;
v0x1b2dca0_0 .net "DR_E", 0 0, v0x1b2ce40_0; 1 drivers
v0x1b2dd20_0 .var "IR", 11 0;
v0x1b2dda0_0 .net "IR_E", 0 0, v0x1b2cf80_0; 1 drivers
v0x1b2de50_0 .net "IR_Wire", 11 0, L_0x1b2f280; 1 drivers
v0x1b2df80 .array "Instruction_Mem", 0 9, 11 0;
v0x1b2e000_0 .net "MUX1_sel", 0 0, v0x1b2d000_0; 1 drivers
v0x1b2ded0_0 .net "MUX2_Out", 7 0, L_0x1b30370; 1 drivers
v0x1b2e160_0 .net "MUX2_sel", 0 0, v0x1b2d080_0; 1 drivers
v0x1b2e280_0 .var "PC", 7 0;
v0x1b2e350_0 .net "PC_E", 0 0, v0x1b2d130_0; 1 drivers
v0x1b2e1e0_0 .net "PC_Wire", 7 0, L_0x1b2fe40; 1 drivers
v0x1b2e480_0 .net "PMem_E", 0 0, v0x1b2d1b0_0; 1 drivers
v0x1b2e5c0_0 .var "PMem_LA", 7 0;
v0x1b2e640_0 .net "PMem_LE", 0 0, v0x1b2d2d0_0; 1 drivers
v0x1b2e500_0 .var "PMem_LI", 11 0;
v0x1b2e790_0 .var "SR", 3 0;
v0x1b2e710_0 .net "SR_E", 0 0, v0x1b2d4b0_0; 1 drivers
v0x1b2e8f0_0 .net "SR_updated", 3 0, L_0x1b2f050; 1 drivers
v0x1b2e810_0 .net *"_s6", 11 0, L_0x1b30970; 1 drivers
v0x1b2ea60_0 .net "clk", 0 0, v0x1b2ec60_0; 1 drivers
v0x1b2e970_0 .var "load_addr", 7 0;
v0x1b2ebe0_0 .var "load_done", 0 0;
v0x1b2eae0_0 .net "load_instr", 11 0, L_0x1b30a60; 1 drivers
v0x1b2eb60_0 .var "next_state", 1 0;
v0x1b2ed80_0 .var "present_state", 1 0;
v0x1b2ee00_0 .net "rst", 0 0, v0x1b2ece0_0; 1 drivers
E_0x1b09c80 .event edge, v0x1b2d530_0, v0x1b2ebe0_0;
L_0x1b2fa10 .part v0x1b2dd20_0, 0, 4;
L_0x1b2ff80 .part v0x1b2dd20_0, 0, 8;
L_0x1b304b0 .part v0x1b2dd20_0, 0, 8;
L_0x1b30970 .array/port v0x1b2df80, v0x1b2e970_0;
S_0x1b2c760 .scope module, "CU" "Control_Unit" 3 44, 4 2, S_0x1b062a0;
 .timescale -9 -12;
P_0x1b2c858 .param/l "DECODE" 4 12, C4<10>;
P_0x1b2c880 .param/l "EXECUTE" 4 13, C4<11>;
P_0x1b2c8a8 .param/l "FETCH" 4 11, C4<01>;
P_0x1b2c8d0 .param/l "LOAD" 4 10, C4<00>;
v0x1b2cab0_0 .var "ALU_E", 0 0;
v0x1b2cb80_0 .var "ALU_mode", 3 0;
v0x1b2cc30_0 .var "Acc_E", 0 0;
v0x1b2ccb0_0 .var "DMem_E", 0 0;
v0x1b2cd90_0 .var "DMem_WE", 0 0;
v0x1b2ce40_0 .var "DR_E", 0 0;
v0x1b2cf00_0 .net "IR", 11 0, v0x1b2dd20_0; 1 drivers
v0x1b2cf80_0 .var "IR_E", 0 0;
v0x1b2d000_0 .var "MUX1_sel", 0 0;
v0x1b2d080_0 .var "MUX2_sel", 0 0;
v0x1b2d130_0 .var "PC_E", 0 0;
v0x1b2d1b0_0 .var "PMem_E", 0 0;
v0x1b2d2d0_0 .var "PMem_LE", 0 0;
v0x1b2d380_0 .net "SR", 3 0, v0x1b2e790_0; 1 drivers
v0x1b2d4b0_0 .var "SR_E", 0 0;
v0x1b2d530_0 .net "present_state", 1 0, v0x1b2ed80_0; 1 drivers
E_0x1b2ca60 .event edge, v0x1b2d530_0, v0x1b2cf00_0, v0x1b2bff0_0;
S_0x1b2bd90 .scope module, "alu" "ALU" 3 62, 5 2, S_0x1b062a0;
 .timescale -9 -12;
v0x1b2bf30_0 .var "C", 0 0;
v0x1b2bff0_0 .alias "CFlags", 3 0, v0x1b2d380_0;
v0x1b2c090_0 .alias "E", 0 0, v0x1b2d400_0;
v0x1b2c130_0 .alias "Flags", 3 0, v0x1b2e8f0_0;
v0x1b2c1e0_0 .var "O", 0 0;
v0x1b2c280_0 .net "Operand1", 7 0, v0x1b2d7e0_0; 1 drivers
v0x1b2c320_0 .alias "Operand2", 7 0, v0x1b2ded0_0;
v0x1b2c3a0_0 .alias "Out", 7 0, v0x1b2d640_0;
v0x1b2c450_0 .var "Res", 8 0;
v0x1b2c4d0_0 .var "S", 0 0;
v0x1b2c5b0_0 .var "Z", 0 0;
v0x1b2c650_0 .alias "mode", 3 0, v0x1b2d710_0;
E_0x1b2be80 .event edge, v0x1b2c650_0, v0x1b2c280_0, v0x1b2a1d0_0, v0x1b2c450_0;
E_0x1b2bee0 .event edge, v0x1b2c450_0;
L_0x1b2efb0 .part v0x1b2c450_0, 0, 8;
L_0x1b2f050 .concat [ 1 1 1 1], v0x1b2c1e0_0, v0x1b2c4d0_0, v0x1b2bf30_0, v0x1b2c5b0_0;
S_0x1b2b6b0 .scope module, "PMem" "Program_Memory" 3 71, 6 2, S_0x1b062a0;
 .timescale -9 -12;
v0x1b2b7a0_0 .net "Addr", 7 0, v0x1b2e280_0; 1 drivers
v0x1b2b840_0 .alias "E", 0 0, v0x1b2e480_0;
v0x1b2b8c0_0 .alias "I", 11 0, v0x1b2de50_0;
v0x1b2b960_0 .net "LA", 7 0, v0x1b2e970_0; 1 drivers
v0x1b2ba10_0 .alias "LE", 0 0, v0x1b2e640_0;
v0x1b2bab0_0 .alias "LI", 11 0, v0x1b2eae0_0;
v0x1b2bb50 .array "PMem", 0 255, 11 0;
v0x1b2bbd0_0 .net *"_s0", 11 0, L_0x1b2f180; 1 drivers
v0x1b2bc70_0 .net *"_s2", 11 0, C4<000000000000>; 1 drivers
v0x1b2bd10_0 .alias "clk", 0 0, v0x1b2ea60_0;
L_0x1b2f180 .array/port v0x1b2bb50, v0x1b2e280_0;
L_0x1b2f280 .functor MUXZ 12, C4<000000000000>, L_0x1b2f180, v0x1b2d1b0_0, C4<>;
S_0x1b2ac30 .scope module, "DMem" "Data_Memory" 3 80, 7 2, S_0x1b062a0;
 .timescale -9 -12;
v0x1b2ad60_0 .net "Addr", 3 0, L_0x1b2fa10; 1 drivers
v0x1b2ae20_0 .alias "DI", 7 0, v0x1b2d640_0;
v0x1b2aec0 .array "DMem", 0 15, 7 0;
v0x1b2af40_0 .alias "DO", 7 0, v0x1b2d9b0_0;
v0x1b2aff0_0 .alias "E", 0 0, v0x1b2da30_0;
v0x1b2b090_0 .alias "WE", 0 0, v0x1b2db50_0;
v0x1b2b130_0 .net *"_s0", 2 0, L_0x1b2f410; 1 drivers
v0x1b2b1d0_0 .net *"_s10", 7 0, C4<00000000>; 1 drivers
v0x1b2b2c0_0 .net *"_s3", 1 0, C4<00>; 1 drivers
v0x1b2b360_0 .net *"_s4", 2 0, C4<001>; 1 drivers
v0x1b2b460_0 .net *"_s6", 0 0, L_0x1b2f580; 1 drivers
v0x1b2b500_0 .net *"_s8", 7 0, L_0x1b2f6c0; 1 drivers
v0x1b2b610_0 .alias "clk", 0 0, v0x1b2ea60_0;
E_0x1b2a930 .event posedge, v0x1b2b610_0;
L_0x1b2f410 .concat [ 1 2 0 0], v0x1b2ccb0_0, C4<00>;
L_0x1b2f580 .cmp/eq 3, L_0x1b2f410, C4<001>;
L_0x1b2f6c0 .array/port v0x1b2aec0, L_0x1b2fa10;
L_0x1b2f800 .functor MUXZ 8, C4<00000000>, L_0x1b2f6c0, L_0x1b2f580, C4<>;
S_0x1b2a600 .scope module, "mux1" "MUX" 3 88, 8 2, S_0x1b062a0;
 .timescale -9 -12;
v0x1b2a6f0_0 .net "In1", 7 0, L_0x1b2ff80; 1 drivers
v0x1b2a7b0_0 .alias "In2", 7 0, v0x1b2d8e0_0;
v0x1b2a830_0 .alias "Out", 7 0, v0x1b2e1e0_0;
v0x1b2a8b0_0 .net *"_s0", 2 0, L_0x1b2fb50; 1 drivers
v0x1b2a960_0 .net *"_s3", 1 0, C4<00>; 1 drivers
v0x1b2aa00_0 .net *"_s4", 2 0, C4<001>; 1 drivers
v0x1b2aaa0_0 .net *"_s6", 0 0, L_0x1b2fd00; 1 drivers
v0x1b2ab40_0 .alias "sel", 0 0, v0x1b2e000_0;
L_0x1b2fb50 .concat [ 1 2 0 0], v0x1b2d000_0, C4<00>;
L_0x1b2fd00 .cmp/eq 3, L_0x1b2fb50, C4<001>;
L_0x1b2fe40 .functor MUXZ 8, L_0x1b2ff80, L_0x1b30840, L_0x1b2fd00, C4<>;
S_0x1b29f80 .scope module, "mux2" "MUX" 3 94, 8 2, S_0x1b062a0;
 .timescale -9 -12;
v0x1b2a070_0 .net "In1", 7 0, L_0x1b304b0; 1 drivers
v0x1b2a130_0 .net "In2", 7 0, v0x1b2dc20_0; 1 drivers
v0x1b2a1d0_0 .alias "Out", 7 0, v0x1b2ded0_0;
v0x1b2a270_0 .net *"_s0", 2 0, L_0x1b30070; 1 drivers
v0x1b2a2f0_0 .net *"_s3", 1 0, C4<00>; 1 drivers
v0x1b2a390_0 .net *"_s4", 2 0, C4<001>; 1 drivers
v0x1b2a470_0 .net *"_s6", 0 0, L_0x1b30230; 1 drivers
v0x1b2a510_0 .alias "sel", 0 0, v0x1b2e160_0;
L_0x1b30070 .concat [ 1 2 0 0], v0x1b2d080_0, C4<00>;
L_0x1b30230 .cmp/eq 3, L_0x1b30070, C4<001>;
L_0x1b30370 .functor MUXZ 8, L_0x1b304b0, v0x1b2dc20_0, L_0x1b30230, C4<>;
S_0x1b067e0 .scope module, "Adder" "PC_Adder" 3 100, 9 2, S_0x1b062a0;
 .timescale -9 -12;
v0x1ae97f0_0 .alias "In", 7 0, v0x1b2b7a0_0;
v0x1b29c10_0 .alias "Out", 7 0, v0x1b2d8e0_0;
v0x1b29cb0_0 .net *"_s0", 31 0, L_0x1b30630; 1 drivers
v0x1b29d50_0 .net *"_s3", 23 0, C4<000000000000000000000000>; 1 drivers
v0x1b29e00_0 .net *"_s4", 31 0, C4<00000000000000000000000000000001>; 1 drivers
v0x1b29ea0_0 .net *"_s6", 31 0, L_0x1b307a0; 1 drivers
L_0x1b30630 .concat [ 8 24 0 0], v0x1b2e280_0, C4<000000000000000000000000>;
L_0x1b307a0 .arith/sum 32, L_0x1b30630, C4<00000000000000000000000000000001>;
L_0x1b30840 .part L_0x1b307a0, 0, 8;
    .scope S_0x1b2c760;
T_0 ;
    %wait E_0x1b2ca60;
    %set/v v0x1b2d130_0, 0, 1;
    %set/v v0x1b2cc30_0, 0, 1;
    %set/v v0x1b2d4b0_0, 0, 1;
    %set/v v0x1b2cf80_0, 0, 1;
    %set/v v0x1b2ce40_0, 0, 1;
    %set/v v0x1b2d1b0_0, 0, 1;
    %set/v v0x1b2ccb0_0, 0, 1;
    %set/v v0x1b2cd90_0, 0, 1;
    %set/v v0x1b2cab0_0, 0, 1;
    %set/v v0x1b2d000_0, 0, 1;
    %set/v v0x1b2d080_0, 0, 1;
    %set/v v0x1b2cb80_0, 0, 4;
    %set/v v0x1b2d2d0_0, 0, 1;
    %load/v 8, v0x1b2d530_0, 2;
    %mov 10, 0, 1;
    %cmpi/u 8, 0, 3;
    %jmp/0xz  T_0.0, 4;
    %set/v v0x1b2d2d0_0, 1, 1;
    %set/v v0x1b2d1b0_0, 1, 1;
    %jmp T_0.1;
T_0.0 ;
    %load/v 8, v0x1b2d530_0, 2;
    %mov 10, 0, 1;
    %cmpi/u 8, 1, 3;
    %jmp/0xz  T_0.2, 4;
    %set/v v0x1b2cf80_0, 1, 1;
    %set/v v0x1b2d1b0_0, 1, 1;
    %jmp T_0.3;
T_0.2 ;
    %load/v 8, v0x1b2d530_0, 2;
    %mov 10, 0, 1;
    %cmpi/u 8, 2, 3;
    %jmp/0xz  T_0.4, 4;
    %ix/load 1, 9, 0;
    %mov 4, 0, 1;
    %jmp/1 T_0.6, 4;
    %load/x1p 12, v0x1b2cf00_0, 3;
    %jmp T_0.7;
T_0.6 ;
    %mov 12, 2, 3;
T_0.7 ;
    %mov 8, 12, 3; Move signal select into place
    %mov 11, 0, 1;
    %cmpi/u 8, 1, 4;
    %jmp/0xz  T_0.8, 4;
    %set/v v0x1b2ce40_0, 1, 1;
    %set/v v0x1b2ccb0_0, 1, 1;
T_0.8 ;
    %jmp T_0.5;
T_0.4 ;
    %load/v 8, v0x1b2d530_0, 2;
    %mov 10, 0, 1;
    %cmpi/u 8, 3, 3;
    %jmp/0xz  T_0.10, 4;
    %ix/load 1, 8, 0;
    %mov 4, 0, 1;
    %jmp/1 T_0.12, 4;
    %load/x1p 8, v0x1b2cf00_0, 4;
    %jmp T_0.13;
T_0.12 ;
    %mov 8, 2, 4;
T_0.13 ;
; Save base=8 wid=4 in lookaside.
    %cmpi/u 8, 0, 4;
    %jmp/0xz  T_0.14, 4;
    %set/v v0x1b2d130_0, 1, 1;
    %set/v v0x1b2d000_0, 1, 1;
    %jmp T_0.15;
T_0.14 ;
    %ix/load 1, 8, 0;
    %mov 4, 0, 1;
    %jmp/1 T_0.16, 4;
    %load/x1p 8, v0x1b2cf00_0, 4;
    %jmp T_0.17;
T_0.16 ;
    %mov 8, 2, 4;
T_0.17 ;
; Save base=8 wid=4 in lookaside.
    %cmpi/u 8, 1, 4;
    %jmp/0xz  T_0.18, 4;
    %set/v v0x1b2d130_0, 1, 1;
    %set/v v0x1b2d000_0, 0, 1;
    %jmp T_0.19;
T_0.18 ;
    %ix/load 1, 9, 0;
    %mov 4, 0, 1;
    %jmp/1 T_0.20, 4;
    %load/x1p 8, v0x1b2cf00_0, 3;
    %jmp T_0.21;
T_0.20 ;
    %mov 8, 2, 3;
T_0.21 ;
; Save base=8 wid=3 in lookaside.
    %cmpi/u 8, 1, 3;
    %jmp/0xz  T_0.22, 4;
    %set/v v0x1b2d130_0, 1, 1;
    %ix/load 1, 8, 0;
    %mov 4, 0, 1;
    %jmp/1 T_0.24, 4;
    %load/x1p 8, v0x1b2cf00_0, 1;
    %jmp T_0.25;
T_0.24 ;
    %mov 8, 2, 1;
T_0.25 ;
; Save base=8 wid=1 in lookaside.
    %set/v v0x1b2cc30_0, 8, 1;
    %set/v v0x1b2d4b0_0, 1, 1;
    %ix/load 1, 8, 0;
    %mov 4, 0, 1;
    %jmp/1 T_0.26, 4;
    %load/x1p 8, v0x1b2cf00_0, 1;
    %jmp T_0.27;
T_0.26 ;
    %mov 8, 2, 1;
T_0.27 ;
; Save base=8 wid=1 in lookaside.
    %inv 8, 1;
    %set/v v0x1b2ccb0_0, 8, 1;
    %ix/load 1, 8, 0;
    %mov 4, 0, 1;
    %jmp/1 T_0.28, 4;
    %load/x1p 8, v0x1b2cf00_0, 1;
    %jmp T_0.29;
T_0.28 ;
    %mov 8, 2, 1;
T_0.29 ;
; Save base=8 wid=1 in lookaside.
    %inv 8, 1;
    %set/v v0x1b2cd90_0, 8, 1;
    %set/v v0x1b2cab0_0, 1, 1;
    %ix/load 1, 4, 0;
    %mov 4, 0, 1;
    %jmp/1 T_0.30, 4;
    %load/x1p 8, v0x1b2cf00_0, 4;
    %jmp T_0.31;
T_0.30 ;
    %mov 8, 2, 4;
T_0.31 ;
; Save base=8 wid=4 in lookaside.
    %set/v v0x1b2cb80_0, 8, 4;
    %set/v v0x1b2d000_0, 1, 1;
    %set/v v0x1b2d080_0, 1, 1;
    %jmp T_0.23;
T_0.22 ;
    %ix/load 1, 10, 0;
    %mov 4, 0, 1;
    %jmp/1 T_0.32, 4;
    %load/x1p 8, v0x1b2cf00_0, 2;
    %jmp T_0.33;
T_0.32 ;
    %mov 8, 2, 2;
T_0.33 ;
; Save base=8 wid=2 in lookaside.
    %cmpi/u 8, 1, 2;
    %jmp/0xz  T_0.34, 4;
    %set/v v0x1b2d130_0, 1, 1;
    %ix/load 1, 8, 0;
    %mov 4, 0, 1;
    %jmp/1 T_0.36, 4;
    %load/x1p 8, v0x1b2cf00_0, 2;
    %jmp T_0.37;
T_0.36 ;
    %mov 8, 2, 2;
T_0.37 ;
; Save base=8 wid=2 in lookaside.
    %ix/get 1, 8, 2;
    %jmp/1 T_0.38, 4;
    %load/x1p 8, v0x1b2d380_0, 1;
    %jmp T_0.39;
T_0.38 ;
    %mov 8, 2, 1;
T_0.39 ;
; Save base=8 wid=1 in lookaside.
    %set/v v0x1b2d000_0, 8, 1;
    %jmp T_0.35;
T_0.34 ;
    %ix/load 1, 11, 0;
    %mov 4, 0, 1;
    %jmp/1 T_0.40, 4;
    %load/x1p 8, v0x1b2cf00_0, 1;
    %jmp T_0.41;
T_0.40 ;
    %mov 8, 2, 1;
T_0.41 ;
; Save base=8 wid=1 in lookaside.
    %jmp/0xz  T_0.42, 8;
    %set/v v0x1b2d130_0, 1, 1;
    %set/v v0x1b2cc30_0, 1, 1;
    %set/v v0x1b2d4b0_0, 1, 1;
    %set/v v0x1b2cab0_0, 1, 1;
    %ix/load 1, 8, 0;
    %mov 4, 0, 1;
    %jmp/1 T_0.44, 4;
    %load/x1p 12, v0x1b2cf00_0, 3;
    %jmp T_0.45;
T_0.44 ;
    %mov 12, 2, 3;
T_0.45 ;
    %mov 8, 12, 3; Move signal select into place
    %mov 11, 0, 1;
    %set/v v0x1b2cb80_0, 8, 4;
    %set/v v0x1b2d000_0, 1, 1;
    %set/v v0x1b2d080_0, 0, 1;
    %jmp T_0.43;
T_0.42 ;
    %set/v v0x1b2d130_0, 1, 1;
    %set/v v0x1b2d000_0, 0, 1;
T_0.43 ;
T_0.35 ;
T_0.23 ;
T_0.19 ;
T_0.15 ;
T_0.10 ;
T_0.5 ;
T_0.3 ;
T_0.1 ;
    %jmp T_0;
    .thread T_0, $push;
    .scope S_0x1b2bd90;
T_1 ;
    %wait E_0x1b2bee0;
    %load/v 8, v0x1b2c450_0, 8; Only need 8 of 9 bits
; Save base=8 wid=8 in lookaside.
    %or/r 8, 8, 8;
    %inv 8, 1;
    %set/v v0x1b2c5b0_0, 8, 1;
    %ix/load 1, 8, 0;
    %mov 4, 0, 1;
    %jmp/1 T_1.0, 4;
    %load/x1p 8, v0x1b2c450_0, 1;
    %jmp T_1.1;
T_1.0 ;
    %mov 8, 2, 1;
T_1.1 ;
; Save base=8 wid=1 in lookaside.
    %set/v v0x1b2c1e0_0, 8, 1;
    %jmp T_1;
    .thread T_1, $push;
    .scope S_0x1b2bd90;
T_2 ;
    %wait E_0x1b2be80;
    %set/v v0x1b2c450_0, 0, 9;
    %load/v 8, v0x1b2c650_0, 4;
    %cmpi/u 8, 0, 4;
    %jmp/1 T_2.0, 6;
    %cmpi/u 8, 1, 4;
    %jmp/1 T_2.1, 6;
    %cmpi/u 8, 2, 4;
    %jmp/1 T_2.2, 6;
    %cmpi/u 8, 3, 4;
    %jmp/1 T_2.3, 6;
    %cmpi/u 8, 4, 4;
    %jmp/1 T_2.4, 6;
    %cmpi/u 8, 5, 4;
    %jmp/1 T_2.5, 6;
    %cmpi/u 8, 6, 4;
    %jmp/1 T_2.6, 6;
    %cmpi/u 8, 7, 4;
    %jmp/1 T_2.7, 6;
    %cmpi/u 8, 8, 4;
    %jmp/1 T_2.8, 6;
    %cmpi/u 8, 9, 4;
    %jmp/1 T_2.9, 6;
    %cmpi/u 8, 10, 4;
    %jmp/1 T_2.10, 6;
    %cmpi/u 8, 11, 4;
    %jmp/1 T_2.11, 6;
    %cmpi/u 8, 12, 4;
    %jmp/1 T_2.12, 6;
    %cmpi/u 8, 13, 4;
    %jmp/1 T_2.13, 6;
    %cmpi/u 8, 14, 4;
    %jmp/1 T_2.14, 6;
    %cmpi/u 8, 15, 4;
    %jmp/1 T_2.15, 6;
    %load/v 8, v0x1b2c280_0, 8;
    %mov 16, 0, 1;
    %load/v 17, v0x1b2c320_0, 8;
    %mov 25, 0, 1;
    %add 8, 17, 9;
    %set/v v0x1b2c450_0, 8, 9;
    %jmp T_2.17;
T_2.0 ;
    %load/v 8, v0x1b2c280_0, 8;
    %mov 16, 0, 1;
    %load/v 17, v0x1b2c320_0, 8;
    %mov 25, 0, 1;
    %add 8, 17, 9;
    %set/v v0x1b2c450_0, 8, 9;
    %ix/load 1, 8, 0;
    %mov 4, 0, 1;
    %jmp/1 T_2.18, 4;
    %load/x1p 8, v0x1b2c450_0, 1;
    %jmp T_2.19;
T_2.18 ;
    %mov 8, 2, 1;
T_2.19 ;
; Save base=8 wid=1 in lookaside.
    %set/v v0x1b2bf30_0, 8, 1;
    %jmp T_2.17;
T_2.1 ;
    %load/v 8, v0x1b2c280_0, 8;
    %mov 16, 0, 1;
    %load/v 17, v0x1b2c320_0, 8;
    %mov 25, 0, 1;
    %sub 8, 17, 9;
    %set/v v0x1b2c450_0, 8, 9;
    %load/v 8, v0x1b2c280_0, 8;
    %load/v 16, v0x1b2c320_0, 8;
    %cmp/u 8, 16, 8;
    %mov 8, 5, 1;
    %jmp/0  T_2.20, 8;
    %mov 9, 1, 1;
    %jmp/1  T_2.22, 8;
T_2.20 ; End of true expr.
    %jmp/0  T_2.21, 8;
 ; End of false expr.
    %blend  9, 0, 1; Condition unknown.
    %jmp  T_2.22;
T_2.21 ;
    %mov 9, 0, 1; Return false value
T_2.22 ;
    %set/v v0x1b2c4d0_0, 9, 1;
    %jmp T_2.17;
T_2.2 ;
    %load/v 8, v0x1b2c280_0, 8;
    %mov 16, 0, 1;
    %set/v v0x1b2c450_0, 8, 9;
    %jmp T_2.17;
T_2.3 ;
    %load/v 8, v0x1b2c320_0, 8;
    %mov 16, 0, 1;
    %set/v v0x1b2c450_0, 8, 9;
    %jmp T_2.17;
T_2.4 ;
    %load/v 8, v0x1b2c280_0, 8;
    %mov 16, 0, 1;
    %load/v 17, v0x1b2c320_0, 8;
    %mov 25, 0, 1;
    %and 8, 17, 9;
    %set/v v0x1b2c450_0, 8, 9;
    %jmp T_2.17;
T_2.5 ;
    %load/v 8, v0x1b2c280_0, 8;
    %mov 16, 0, 1;
    %load/v 17, v0x1b2c320_0, 8;
    %mov 25, 0, 1;
    %or 8, 17, 9;
    %set/v v0x1b2c450_0, 8, 9;
    %jmp T_2.17;
T_2.6 ;
    %load/v 8, v0x1b2c280_0, 8;
    %mov 16, 0, 1;
    %load/v 17, v0x1b2c320_0, 8;
    %mov 25, 0, 1;
    %xor 8, 17, 9;
    %set/v v0x1b2c450_0, 8, 9;
    %jmp T_2.17;
T_2.7 ;
    %load/v 8, v0x1b2c320_0, 8;
    %mov 16, 0, 1;
    %load/v 17, v0x1b2c280_0, 8;
    %mov 25, 0, 1;
    %sub 8, 17, 9;
    %set/v v0x1b2c450_0, 8, 9;
    %load/v 8, v0x1b2c320_0, 8;
    %load/v 16, v0x1b2c280_0, 8;
    %cmp/u 8, 16, 8;
    %mov 8, 5, 1;
    %jmp/0  T_2.23, 8;
    %mov 9, 1, 1;
    %jmp/1  T_2.25, 8;
T_2.23 ; End of true expr.
    %jmp/0  T_2.24, 8;
 ; End of false expr.
    %blend  9, 0, 1; Condition unknown.
    %jmp  T_2.25;
T_2.24 ;
    %mov 9, 0, 1; Return false value
T_2.25 ;
    %set/v v0x1b2c4d0_0, 9, 1;
    %jmp T_2.17;
T_2.8 ;
    %load/v 8, v0x1b2c320_0, 8;
    %mov 16, 0, 24;
    %addi 8, 1, 32;
    %set/v v0x1b2c450_0, 8, 9;
    %jmp T_2.17;
T_2.9 ;
    %load/v 8, v0x1b2c320_0, 8;
    %mov 16, 0, 24;
    %subi 8, 1, 32;
    %set/v v0x1b2c450_0, 8, 9;
    %jmp T_2.17;
T_2.10 ;
    %load/v 8, v0x1b2c320_0, 8;
    %mov 16, 0, 1;
    %load/v 17, v0x1b2c280_0, 3; Only need 3 of 8 bits
; Save base=17 wid=3 in lookaside.
    %ix/get 0, 17, 3;
    %shiftl/i0  8, 9;
    %load/v 17, v0x1b2c320_0, 8;
    %mov 25, 0, 1;
    %movi 26, 8, 32;
    %load/v 58, v0x1b2c280_0, 3; Only need 3 of 8 bits
    %movi 61, 0, 29;
; Save base=58 wid=32 in lookaside.
    %sub 26, 58, 32;
    %ix/get 0, 26, 32;
    %shiftr/i0  17, 9;
    %or 8, 17, 9;
    %set/v v0x1b2c450_0, 8, 9;
    %jmp T_2.17;
T_2.11 ;
    %load/v 8, v0x1b2c320_0, 8;
    %mov 16, 0, 1;
    %load/v 17, v0x1b2c280_0, 3; Only need 3 of 8 bits
; Save base=17 wid=3 in lookaside.
    %ix/get 0, 17, 3;
    %shiftr/i0  8, 9;
    %load/v 17, v0x1b2c320_0, 8;
    %mov 25, 0, 1;
    %movi 26, 8, 32;
    %load/v 58, v0x1b2c280_0, 3; Only need 3 of 8 bits
    %movi 61, 0, 29;
; Save base=58 wid=32 in lookaside.
    %sub 26, 58, 32;
    %ix/get 0, 26, 32;
    %shiftl/i0  17, 9;
    %or 8, 17, 9;
    %set/v v0x1b2c450_0, 8, 9;
    %jmp T_2.17;
T_2.12 ;
    %load/v 8, v0x1b2c320_0, 8;
    %mov 16, 0, 1;
    %load/v 17, v0x1b2c280_0, 3; Only need 3 of 8 bits
; Save base=17 wid=3 in lookaside.
    %ix/get 0, 17, 3;
    %shiftl/i0  8, 9;
    %set/v v0x1b2c450_0, 8, 9;
    %jmp T_2.17;
T_2.13 ;
    %load/v 8, v0x1b2c320_0, 8;
    %mov 16, 0, 1;
    %load/v 17, v0x1b2c280_0, 3; Only need 3 of 8 bits
; Save base=17 wid=3 in lookaside.
    %ix/get 0, 17, 3;
    %shiftr/i0  8, 9;
    %set/v v0x1b2c450_0, 8, 9;
    %jmp T_2.17;
T_2.14 ;
    %load/v 8, v0x1b2c320_0, 8;
    %mov 16, 0, 1;
    %load/v 17, v0x1b2c280_0, 3; Only need 3 of 8 bits
; Save base=17 wid=3 in lookaside.
    %ix/get 0, 17, 3;
    %shiftr/i0  8, 9;
    %set/v v0x1b2c450_0, 8, 9;
    %jmp T_2.17;
T_2.15 ;
    %load/v 8, v0x1b2c320_0, 8;
    %mov 16, 0, 24;
    %mov 40, 0, 32;
    %sub 40, 8, 32;
    %set/v v0x1b2c450_0, 40, 9;
    %load/v 8, v0x1b2c320_0, 8;
    %mov 16, 0, 1;
    %cmp/u 0, 8, 9;
    %mov 8, 5, 1;
    %jmp/0  T_2.26, 8;
    %mov 9, 1, 1;
    %jmp/1  T_2.28, 8;
T_2.26 ; End of true expr.
    %jmp/0  T_2.27, 8;
 ; End of false expr.
    %blend  9, 0, 1; Condition unknown.
    %jmp  T_2.28;
T_2.27 ;
    %mov 9, 0, 1; Return false value
T_2.28 ;
    %set/v v0x1b2c4d0_0, 9, 1;
    %jmp T_2.17;
T_2.17 ;
    %jmp T_2;
    .thread T_2, $push;
    .scope S_0x1b2b6b0;
T_3 ;
    %wait E_0x1b2a930;
    %load/v 8, v0x1b2ba10_0, 1;
    %mov 9, 0, 2;
    %cmpi/u 8, 1, 3;
    %jmp/0xz  T_3.0, 4;
    %load/v 8, v0x1b2bab0_0, 12;
    %ix/getv 3, v0x1b2b960_0;
   %jmp/1 t_0, 4;
   %ix/load 1, 0, 0;
   %set/av v0x1b2bb50, 8, 12;
t_0 ;
T_3.0 ;
    %jmp T_3;
    .thread T_3;
    .scope S_0x1b2ac30;
T_4 ;
    %wait E_0x1b2a930;
    %load/v 8, v0x1b2aff0_0, 1;
    %load/v 9, v0x1b2b090_0, 1;
    %and 8, 9, 1;
    %jmp/0xz  T_4.0, 8;
    %load/v 8, v0x1b2ae20_0, 8;
    %ix/getv 3, v0x1b2ad60_0;
    %jmp/1 t_1, 4;
    %ix/load 0, 8, 0; word width
    %ix/load 1, 0, 0; part off
    %assign/av v0x1b2aec0, 0, 8;
t_1 ;
T_4.0 ;
    %jmp T_4;
    .thread T_4;
    .scope S_0x1b062a0;
T_5 ;
    %vpi_call 3 39 "$readmemb", "Instructions.txt", v0x1b2df80, 1'sb0, 5'sb01001;
    %vpi_call 3 40 "$dumpfile", "dump.vcd";
    %vpi_call 3 41 "$dumpvars", 2'sb01, S_0x1b062a0;
    %end;
    .thread T_5;
    .scope S_0x1b062a0;
T_6 ;
    %wait E_0x1b2a930;
    %load/v 8, v0x1b2ee00_0, 1;
    %jmp/0xz  T_6.0, 8;
    %ix/load 0, 8, 0;
    %assign/v0 v0x1b2e970_0, 0, 0;
    %ix/load 0, 1, 0;
    %assign/v0 v0x1b2ebe0_0, 0, 0;
    %jmp T_6.1;
T_6.0 ;
    %load/v 8, v0x1b2e640_0, 1;
    %jmp/0xz  T_6.2, 8;
    %load/v 8, v0x1b2ebe0_0, 1;
    %inv 8, 1;
    %jmp/0xz  T_6.4, 8;
    %ix/load 0, 1, 0;
    %load/vp0 8, v0x1b2e970_0, 8;
    %ix/load 0, 8, 0;
    %assign/v0 v0x1b2e970_0, 0, 8;
T_6.4 ;
    %load/v 8, v0x1b2e970_0, 8;
    %mov 16, 0, 1;
    %cmpi/u 8, 10, 9;
    %jmp/0xz  T_6.6, 4;
    %ix/load 0, 8, 0;
    %assign/v0 v0x1b2e970_0, 0, 0;
    %ix/load 0, 1, 0;
    %assign/v0 v0x1b2ebe0_0, 0, 1;
    %jmp T_6.7;
T_6.6 ;
    %ix/load 0, 1, 0;
    %assign/v0 v0x1b2ebe0_0, 0, 0;
T_6.7 ;
T_6.2 ;
T_6.1 ;
    %jmp T_6;
    .thread T_6;
    .scope S_0x1b062a0;
T_7 ;
    %wait E_0x1b2a930;
    %load/v 8, v0x1b2ee00_0, 1;
    %jmp/0xz  T_7.0, 8;
    %ix/load 0, 2, 0;
    %assign/v0 v0x1b2ed80_0, 0, 0;
    %ix/load 0, 8, 0;
    %assign/v0 v0x1b2e280_0, 0, 0;
    %ix/load 0, 8, 0;
    %assign/v0 v0x1b2d7e0_0, 0, 0;
    %ix/load 0, 4, 0;
    %assign/v0 v0x1b2e790_0, 0, 0;
    %ix/load 0, 12, 0;
    %assign/v0 v0x1b2e500_0, 0, 0;
    %ix/load 0, 8, 0;
    %assign/v0 v0x1b2e5c0_0, 0, 0;
    %jmp T_7.1;
T_7.0 ;
    %load/v 8, v0x1b2e350_0, 1;
    %jmp/0xz  T_7.2, 8;
    %load/v 8, v0x1b2e1e0_0, 8;
    %ix/load 0, 8, 0;
    %assign/v0 v0x1b2e280_0, 0, 8;
T_7.2 ;
    %load/v 8, v0x1b2d860_0, 1;
    %jmp/0xz  T_7.4, 8;
    %load/v 8, v0x1b2d640_0, 8;
    %ix/load 0, 8, 0;
    %assign/v0 v0x1b2d7e0_0, 0, 8;
T_7.4 ;
    %load/v 8, v0x1b2e710_0, 1;
    %jmp/0xz  T_7.6, 8;
    %load/v 8, v0x1b2e8f0_0, 4;
    %ix/load 0, 4, 0;
    %assign/v0 v0x1b2e790_0, 0, 8;
T_7.6 ;
T_7.1 ;
    %jmp T_7;
    .thread T_7;
    .scope S_0x1b062a0;
T_8 ;
    %wait E_0x1b2a930;
    %load/v 8, v0x1b2dca0_0, 1;
    %jmp/0xz  T_8.0, 8;
    %load/v 8, v0x1b2d9b0_0, 8;
    %ix/load 0, 8, 0;
    %assign/v0 v0x1b2dc20_0, 0, 8;
T_8.0 ;
    %load/v 8, v0x1b2dda0_0, 1;
    %jmp/0xz  T_8.2, 8;
    %load/v 8, v0x1b2de50_0, 12;
    %ix/load 0, 12, 0;
    %assign/v0 v0x1b2dd20_0, 0, 8;
T_8.2 ;
    %jmp T_8;
    .thread T_8;
    .scope S_0x1b062a0;
T_9 ;
    %wait E_0x1b2a930;
    %load/v 8, v0x1b2eb60_0, 2;
    %ix/load 0, 2, 0;
    %assign/v0 v0x1b2ed80_0, 0, 8;
    %jmp T_9;
    .thread T_9;
    .scope S_0x1b062a0;
T_10 ;
    %wait E_0x1b09c80;
    %load/v 8, v0x1b2ed80_0, 2;
    %cmpi/u 8, 0, 2;
    %jmp/1 T_10.0, 6;
    %cmpi/u 8, 1, 2;
    %jmp/1 T_10.1, 6;
    %cmpi/u 8, 2, 2;
    %jmp/1 T_10.2, 6;
    %cmpi/u 8, 3, 2;
    %jmp/1 T_10.3, 6;
    %jmp T_10.4;
T_10.0 ;
    %set/v v0x1b2e280_0, 0, 8;
    %set/v v0x1b2dd20_0, 0, 12;
    %set/v v0x1b2dc20_0, 0, 8;
    %set/v v0x1b2d7e0_0, 0, 8;
    %set/v v0x1b2e790_0, 0, 4;
    %load/v 8, v0x1b2ebe0_0, 1;
    %jmp/0xz  T_10.5, 8;
    %movi 8, 1, 2;
    %set/v v0x1b2eb60_0, 8, 2;
    %jmp T_10.6;
T_10.5 ;
    %set/v v0x1b2eb60_0, 0, 2;
T_10.6 ;
    %jmp T_10.4;
T_10.1 ;
    %movi 8, 2, 2;
    %set/v v0x1b2eb60_0, 8, 2;
    %jmp T_10.4;
T_10.2 ;
    %set/v v0x1b2eb60_0, 1, 2;
    %jmp T_10.4;
T_10.3 ;
    %movi 8, 1, 2;
    %set/v v0x1b2eb60_0, 8, 2;
    %jmp T_10.4;
T_10.4 ;
    %jmp T_10;
    .thread T_10, $push;
    .scope S_0x1b04b90;
T_11 ;
    %delay 10000, 0;
    %load/v 8, v0x1b2ec60_0, 1;
    %inv 8, 1;
    %set/v v0x1b2ec60_0, 8, 1;
    %jmp T_11;
    .thread T_11;
    .scope S_0x1b04b90;
T_12 ;
    %set/v v0x1b2ec60_0, 0, 1;
    %set/v v0x1b2ece0_0, 1, 1;
    %delay 100000, 0;
    %set/v v0x1b2ece0_0, 0, 1;
    %delay 1000000, 0;
    %vpi_call 2 20 "$finish";
    %end;
    .thread T_12;
# The file index is used to find the file name in the following table.
:file_names 10;
    "N/A";
    "<interactive>";
    "testbench.sv";
    "design.sv";
    "./Control_Unit.sv";
    "./ALU.sv";
    "./Program_Memory.sv";
    "./Data_Memory.sv";
    "./MUX.sv";
    "./PC_Adder.sv";
